  DirectionalLight.cpp
C:\Users\Shantanu\Documents\GitHub\OpenGL-repo\OpenGLOne\DirectionalLight.cpp(18,14): warning C4244: 'argument': conversion from 'GLfloat' to 'GLint', possible loss of data
C:\Users\Shantanu\Documents\GitHub\OpenGL-repo\OpenGLOne\DirectionalLight.cpp(19,14): warning C4244: 'argument': conversion from 'GLfloat' to 'GLint', possible loss of data
C:\Users\Shantanu\Documents\GitHub\OpenGL-repo\OpenGLOne\DirectionalLight.cpp(21,14): warning C4244: 'argument': conversion from 'GLfloat' to 'GLint', possible loss of data
C:\Users\Shantanu\Documents\GitHub\OpenGL-repo\OpenGLOne\DirectionalLight.cpp(22,14): warning C4244: 'argument': conversion from 'GLfloat' to 'GLint', possible loss of data
LINK : warning LNK4098: defaultlib 'LIBCMT' conflicts with use of other libs; use /NODEFAULTLIB:library
LINK : warning LNK4098: defaultlib 'MSVCRT' conflicts with use of other libs; use /NODEFAULTLIB:library
LINK : warning LNK4286: symbol '___glewUniform1f' defined in 'glew32s.lib(glew.obj)' is imported by 'DirectionalLight.obj'
LINK : warning LNK4286: symbol '___glewUniform1f' defined in 'glew32s.lib(glew.obj)' is imported by 'Material.obj'
LINK : warning LNK4286: symbol '___glewUniform3f' defined in 'glew32s.lib(glew.obj)' is imported by 'DirectionalLight.obj'
LINK : warning LNK4286: symbol '___glewBindBuffer' defined in 'glew32s.lib(glew.obj)' is imported by 'Mesh.obj'
LINK : warning LNK4286: symbol '___glewBufferData' defined in 'glew32s.lib(glew.obj)' is imported by 'Mesh.obj'
LINK : warning LNK4286: symbol '___glewDeleteBuffers' defined in 'glew32s.lib(glew.obj)' is imported by 'Mesh.obj'
LINK : warning LNK4286: symbol '___glewGenBuffers' defined in 'glew32s.lib(glew.obj)' is imported by 'Mesh.obj'
LINK : warning LNK4286: symbol '___glewEnableVertexAttribArray' defined in 'glew32s.lib(glew.obj)' is imported by 'Mesh.obj'
LINK : warning LNK4286: symbol '___glewVertexAttribPointer' defined in 'glew32s.lib(glew.obj)' is imported by 'Mesh.obj'
LINK : warning LNK4286: symbol '___glewBindVertexArray' defined in 'glew32s.lib(glew.obj)' is imported by 'Mesh.obj'
LINK : warning LNK4286: symbol '___glewDeleteVertexArrays' defined in 'glew32s.lib(glew.obj)' is imported by 'Mesh.obj'
LINK : warning LNK4286: symbol '___glewGenVertexArrays' defined in 'glew32s.lib(glew.obj)' is imported by 'Mesh.obj'
LINK : warning LNK4286: symbol '___glewAttachShader' defined in 'glew32s.lib(glew.obj)' is imported by 'Shader.obj'
LINK : warning LNK4286: symbol '___glewCompileShader' defined in 'glew32s.lib(glew.obj)' is imported by 'Shader.obj'
LINK : warning LNK4286: symbol '___glewCreateProgram' defined in 'glew32s.lib(glew.obj)' is imported by 'Shader.obj'
LINK : warning LNK4286: symbol '___glewCreateShader' defined in 'glew32s.lib(glew.obj)' is imported by 'Shader.obj'
LINK : warning LNK4286: symbol '___glewDeleteProgram' defined in 'glew32s.lib(glew.obj)' is imported by 'Shader.obj'
LINK : warning LNK4286: symbol '___glewGetProgramInfoLog' defined in 'glew32s.lib(glew.obj)' is imported by 'Shader.obj'
LINK : warning LNK4286: symbol '___glewGetProgramiv' defined in 'glew32s.lib(glew.obj)' is imported by 'Shader.obj'
LINK : warning LNK4286: symbol '___glewGetShaderInfoLog' defined in 'glew32s.lib(glew.obj)' is imported by 'Shader.obj'
LINK : warning LNK4286: symbol '___glewGetShaderiv' defined in 'glew32s.lib(glew.obj)' is imported by 'Shader.obj'
LINK : warning LNK4286: symbol '___glewGetUniformLocation' defined in 'glew32s.lib(glew.obj)' is imported by 'Shader.obj'
LINK : warning LNK4286: symbol '___glewLinkProgram' defined in 'glew32s.lib(glew.obj)' is imported by 'Shader.obj'
LINK : warning LNK4286: symbol '___glewShaderSource' defined in 'glew32s.lib(glew.obj)' is imported by 'Shader.obj'
LINK : warning LNK4286: symbol '___glewUseProgram' defined in 'glew32s.lib(glew.obj)' is imported by 'Shader.obj'
LINK : warning LNK4286: symbol '___glewValidateProgram' defined in 'glew32s.lib(glew.obj)' is imported by 'Shader.obj'
LINK : warning LNK4286: symbol '___glewActiveTexture' defined in 'glew32s.lib(glew.obj)' is imported by 'Texture.obj'
LINK : warning LNK4286: symbol '___glewGenerateMipmap' defined in 'glew32s.lib(glew.obj)' is imported by 'Texture.obj'
LINK : warning LNK4217: symbol '_glewInit@0' defined in 'glew32s.lib(glew.obj)' is imported by 'Window.obj' in function '"public: int __thiscall Window::Initialise(void)" (?Initialise@Window@@QAEHXZ)'
LINK : warning LNK4217: symbol '_glewGetErrorString@4' defined in 'glew32s.lib(glew.obj)' is imported by 'Window.obj' in function '"public: int __thiscall Window::Initialise(void)" (?Initialise@Window@@QAEHXZ)'
LINK : warning LNK4286: symbol '_glewExperimental' defined in 'glew32s.lib(glew.obj)' is imported by 'Window.obj'
glew32s.lib(glew.obj) : warning LNK4099: PDB 'vc120.pdb' was not found with 'glew32s.lib(glew.obj)' or at 'C:\Users\Shantanu\Documents\GitHub\OpenGL-repo\Debug\vc120.pdb'; linking object as if no debug info
  OpenGLOne.vcxproj -> C:\Users\Shantanu\Documents\GitHub\OpenGL-repo\Debug\OpenGLOne.exe
